<?xml version="1.0" encoding="UTF-8"?>
<robot generator="Robot 3.2.2 (Python 3.8.5 on darwin)" generated="20201215 13:52:57.719" rpa="false">
<suite id="s1" name="Frames" source="/Users/anrisawada/20projects/automation-robot/TestCases/Frames.robot">
<test id="s1-t1" name="Test Frames">
<kw name="Open Browser" library="SeleniumLibrary">
<doc>Opens a new browser instance to the optional ``url``.</doc>
<arguments>
<arg>https://www.selenium.dev/selenium/docs/api/java/overview-summary.html</arg>
<arg>chrome</arg>
</arguments>
<msg timestamp="20201215 13:52:57.913" level="INFO">Opening browser 'chrome' to base url 'https://www.selenium.dev/selenium/docs/api/java/overview-summary.html'.</msg>
<status status="PASS" starttime="20201215 13:52:57.913" endtime="20201215 13:53:01.429"></status>
</kw>
<kw name="Maximize Browser Window" library="SeleniumLibrary">
<doc>Maximizes current browser window.</doc>
<status status="PASS" starttime="20201215 13:53:01.429" endtime="20201215 13:53:01.591"></status>
</kw>
<kw name="Click Link" library="SeleniumLibrary">
<doc>Clicks a link identified by ``locator``.</doc>
<arguments>
<arg>Frames</arg>
</arguments>
<msg timestamp="20201215 13:53:01.592" level="INFO">Clicking link 'Frames'.</msg>
<status status="PASS" starttime="20201215 13:53:01.591" endtime="20201215 13:53:02.060"></status>
</kw>
<kw name="Select Frame" library="SeleniumLibrary">
<doc>Sets frame identified by ``locator`` as the current frame.</doc>
<arguments>
<arg>packageListFrame</arg>
</arguments>
<msg timestamp="20201215 13:53:02.060" level="INFO">Selecting frame 'packageListFrame'.</msg>
<status status="PASS" starttime="20201215 13:53:02.060" endtime="20201215 13:53:02.208"></status>
</kw>
<kw name="Click Link" library="SeleniumLibrary">
<doc>Clicks a link identified by ``locator``.</doc>
<arguments>
<arg>org.openqa.selenium</arg>
</arguments>
<msg timestamp="20201215 13:53:02.209" level="INFO">Clicking link 'org.openqa.selenium'.</msg>
<status status="PASS" starttime="20201215 13:53:02.209" endtime="20201215 13:53:02.280"></status>
</kw>
<kw name="Unselect Frame" library="SeleniumLibrary">
<doc>Sets the main frame as the current frame.</doc>
<status status="PASS" starttime="20201215 13:53:02.280" endtime="20201215 13:53:02.284"></status>
</kw>
<kw name="Sleep" library="BuiltIn">
<doc>Pauses the test executed for the given time.</doc>
<arguments>
<arg>2s</arg>
</arguments>
<msg timestamp="20201215 13:53:04.286" level="INFO">Slept 2 seconds</msg>
<status status="PASS" starttime="20201215 13:53:02.284" endtime="20201215 13:53:04.287"></status>
</kw>
<kw name="Select Frame" library="SeleniumLibrary">
<doc>Sets frame identified by ``locator`` as the current frame.</doc>
<arguments>
<arg>packageFrame</arg>
</arguments>
<msg timestamp="20201215 13:53:04.288" level="INFO">Selecting frame 'packageFrame'.</msg>
<status status="PASS" starttime="20201215 13:53:04.287" endtime="20201215 13:53:04.312"></status>
</kw>
<kw name="Click Link" library="SeleniumLibrary">
<doc>Clicks a link identified by ``locator``.</doc>
<arguments>
<arg>Wait</arg>
</arguments>
<msg timestamp="20201215 13:53:04.312" level="INFO">Clicking link 'Wait'.</msg>
<kw name="Capture Page Screenshot" library="SeleniumLibrary">
<doc>Takes a screenshot of the current page and embeds it into a log file.</doc>
<msg timestamp="20201215 13:53:05.985" level="INFO" html="yes">&lt;/td&gt;&lt;/tr&gt;&lt;tr&gt;&lt;td colspan="3"&gt;&lt;a href="selenium-screenshot-5.png"&gt;&lt;img src="selenium-screenshot-5.png" width="800px"&gt;&lt;/a&gt;</msg>
<status status="PASS" starttime="20201215 13:53:05.406" endtime="20201215 13:53:05.986"></status>
</kw>
<msg timestamp="20201215 13:53:06.006" level="FAIL">ElementClickInterceptedException: Message: element click intercepted: Element is not clickable at point (21, 701)
  (Session info: chrome=87.0.4280.88)
</msg>
<status status="FAIL" starttime="20201215 13:53:04.312" endtime="20201215 13:53:06.006"></status>
</kw>
<status status="FAIL" starttime="20201215 13:52:57.912" endtime="20201215 13:53:06.007" critical="yes">ElementClickInterceptedException: Message: element click intercepted: Element is not clickable at point (21, 701)
  (Session info: chrome=87.0.4280.88)
</status>
</test>
<status status="FAIL" starttime="20201215 13:52:57.720" endtime="20201215 13:53:06.008"></status>
</suite>
<statistics>
<total>
<stat pass="0" fail="1">Critical Tests</stat>
<stat pass="0" fail="1">All Tests</stat>
</total>
<tag>
</tag>
<suite>
<stat pass="0" fail="1" id="s1" name="Frames">Frames</stat>
</suite>
</statistics>
<errors>
</errors>
</robot>
